WARNING:root:argument path is C:\Users\user\disk1\topic-ontologies/aifdb/aifdb-preprocessed-arguments.csv
ERROR:root:(($100 - $30) * 1.42 = $100)
ERROR:root:*9/11
ERROR:root::(
ERROR:root:71%
ERROR:root:71%
ERROR:root:#1
ERROR:root:#4
ERROR:root:#2
ERROR:root:#3
ERROR:root:#7
ERROR:root:#6
ERROR:root:#5
ERROR:root:#13
ERROR:root:#9
ERROR:root:#10
ERROR:root:#14
ERROR:root:#17
ERROR:root:#16
ERROR:root:#15
ERROR:root:1
ERROR:root:2
ERROR:root:20
ERROR:root:10
ERROR:root:7
ERROR:root:3
ERROR:root:12
ERROR:root:6
ERROR:root:13
ERROR:root:15
ERROR:root:5
ERROR:root:8
ERROR:root:9
ERROR:root:11
ERROR:root:14
ERROR:root:16
ERROR:root:18
ERROR:root:19
ERROR:root:48
ERROR:root:19
ERROR:root:24
ERROR:root:74
ERROR:root:40
ERROR:root:58
ERROR:root:1
ERROR:root:2
ERROR:root:10
ERROR:root:7
ERROR:root:3
ERROR:root:6
ERROR:root:13
ERROR:root:15
ERROR:root:5
ERROR:root:9
ERROR:root:14
ERROR:root:16
ERROR:root:17
ERROR:root:\
ERROR:root:\
ERROR:root:\
ERROR:root:\
ERROR:root:#1
ERROR:root:#4
ERROR:root:#2
ERROR:root:#3
ERROR:root:#6
ERROR:root:#5
ERROR:root:+
ERROR:root:<<<<<<>>>>
ERROR:root:<<<<<<>>>>
ERROR:root:<<<<<<>>>>
ERROR:root:<<<<<<>>>>
ERROR:root:???
ERROR:root:2)
ERROR:root:3)
ERROR:root:??
ERROR:root:??
ERROR:root:134.36.36.53
ERROR:root:34.36
ERROR:root:.
ERROR:root:.
ERROR:root:(),
ERROR:root:.
ERROR:root::
ERROR:root::
ERROR:root:.
ERROR:root:2016
ERROR:root:.........
ERROR:root:...
ERROR:root:2002
ERROR:root:17-
WARNING:root:argument path is C:\Users\user\disk1\topic-ontologies/aifdb/aifdb-preprocessed-arguments.csv
INFO:root:Got 0 rows
WARNING:root:argument path is C:\Users\user\disk1\topic-ontologies/aifdb/aifdb-preprocessed-arguments.csv
INFO:root:Got 0 rows
WARNING:root:argument path is C:\Users\user\disk1\topic-ontologies/aifdb/aifdb-preprocessed-arguments.csv
INFO:root:Got 0 rows
WARNING:root:argument path is C:\Users\user\disk1\topic-ontologies/aifdb/aifdb-preprocessed-arguments.csv
WARNING:root:argument path is C:\Users\user\disk1\topic-ontologies/aifdb/aifdb-preprocessed-arguments.csv
INFO:root:Got 0 rows
WARNING:root:argument path is C:\Users\user\disk1\topic-ontologies/aifdb/aifdb-preprocessed-arguments.csv
INFO:root:Got 81259 rows
INFO:root:Got 81256 rows after deleting empty strings
ERROR:root:(($100 - $30) * 1.42 = $100)
ERROR:root:*9/11
ERROR:root::(
ERROR:root:71%
ERROR:root:71%
ERROR:root:#1
ERROR:root:#4
ERROR:root:#2
ERROR:root:#3
ERROR:root:#7
ERROR:root:#6
ERROR:root:#5
ERROR:root:#13
ERROR:root:#9
ERROR:root:#10
ERROR:root:#14
ERROR:root:#17
ERROR:root:#16
ERROR:root:#15
ERROR:root:1
ERROR:root:2
ERROR:root:20
ERROR:root:10
ERROR:root:7
ERROR:root:3
ERROR:root:12
ERROR:root:6
ERROR:root:13
ERROR:root:15
ERROR:root:5
ERROR:root:8
ERROR:root:9
ERROR:root:11
ERROR:root:14
ERROR:root:16
ERROR:root:18
ERROR:root:19
ERROR:root:48
ERROR:root:19
ERROR:root:24
ERROR:root:74
ERROR:root:40
ERROR:root:58
ERROR:root:1
ERROR:root:2
ERROR:root:10
ERROR:root:7
ERROR:root:3
ERROR:root:6
ERROR:root:13
ERROR:root:15
ERROR:root:5
ERROR:root:9
ERROR:root:14
ERROR:root:16
ERROR:root:17
ERROR:root:\
ERROR:root:\
ERROR:root:\
ERROR:root:\
ERROR:root:#1
ERROR:root:#4
ERROR:root:#2
ERROR:root:#3
ERROR:root:#6
ERROR:root:#5
ERROR:root:+
ERROR:root:<<<<<<>>>>
ERROR:root:<<<<<<>>>>
ERROR:root:<<<<<<>>>>
ERROR:root:<<<<<<>>>>
ERROR:root:???
ERROR:root:2)
ERROR:root:3)
ERROR:root:??
ERROR:root:??
ERROR:root:134.36.36.53
ERROR:root:34.36
ERROR:root:.
ERROR:root:.
ERROR:root:(),
ERROR:root:.
ERROR:root::
ERROR:root::
ERROR:root:.
ERROR:root:2016
ERROR:root:.........
ERROR:root:...
ERROR:root:2002
ERROR:root:17-
INFO:root:Got 81256 rows after non engli``sh arguments
WARNING:root:argument path is C:\Users\user\disk1\topic-ontologies/aifdb/aifdb-preprocessed-arguments.csv
INFO:root:Got 81259 rows
INFO:root:Got 81256 rows after deleting empty strings
ERROR:root:(($100 - $30) * 1.42 = $100)
ERROR:root:*9/11
ERROR:root::(
ERROR:root:71%
ERROR:root:71%
ERROR:root:#1
ERROR:root:#4
ERROR:root:#2
ERROR:root:#3
ERROR:root:#7
ERROR:root:#6
ERROR:root:#5
ERROR:root:#13
ERROR:root:#9
ERROR:root:#10
ERROR:root:#14
ERROR:root:#17
ERROR:root:#16
ERROR:root:#15
ERROR:root:1
ERROR:root:2
ERROR:root:20
ERROR:root:10
ERROR:root:7
ERROR:root:3
ERROR:root:12
ERROR:root:6
ERROR:root:13
ERROR:root:15
ERROR:root:5
ERROR:root:8
ERROR:root:9
ERROR:root:11
ERROR:root:14
ERROR:root:16
ERROR:root:18
ERROR:root:19
ERROR:root:48
ERROR:root:19
ERROR:root:24
ERROR:root:74
ERROR:root:40
ERROR:root:58
ERROR:root:1
ERROR:root:2
ERROR:root:10
ERROR:root:7
ERROR:root:3
ERROR:root:6
ERROR:root:13
ERROR:root:15
ERROR:root:5
ERROR:root:9
ERROR:root:14
ERROR:root:16
ERROR:root:17
ERROR:root:\
ERROR:root:\
ERROR:root:\
ERROR:root:\
ERROR:root:#1
ERROR:root:#4
ERROR:root:#2
ERROR:root:#3
ERROR:root:#6
ERROR:root:#5
ERROR:root:+
ERROR:root:<<<<<<>>>>
ERROR:root:<<<<<<>>>>
ERROR:root:<<<<<<>>>>
ERROR:root:<<<<<<>>>>
ERROR:root:???
ERROR:root:2)
ERROR:root:3)
ERROR:root:??
ERROR:root:??
ERROR:root:134.36.36.53
ERROR:root:34.36
ERROR:root:.
ERROR:root:.
ERROR:root:(),
ERROR:root:.
ERROR:root::
ERROR:root::
ERROR:root:.
ERROR:root:2016
ERROR:root:.........
ERROR:root:...
ERROR:root:2002
ERROR:root:17-
INFO:root:Got 80341 rows after non english arguments
WARNING:root:argument path is C:\Users\user\disk1\topic-ontologies/aifdb/aifdb-preprocessed-arguments.csv
INFO:root:Got 81259 rows
INFO:root:Got 81256 rows after deleting empty strings
WARNING:root:argument path is C:\Users\user\disk1\topic-ontologies/aifdb/aifdb-preprocessed-arguments.csv
INFO:root:Got 81259 rows
INFO:root:Got 81256 rows after deleting empty strings
WARNING:root:argument path is C:\Users\user\disk1\topic-ontologies/aifdb/aifdb-preprocessed-arguments.csv
INFO:root:Got 81259 rows
INFO:root:Got 81256 rows after deleting empty strings
ERROR:root:(($100 - $30) * 1.42 = $100)
ERROR:root:*9/11
ERROR:root::(
ERROR:root:71%
ERROR:root:71%
ERROR:root:#1
ERROR:root:#4
ERROR:root:#2
ERROR:root:#3
ERROR:root:#7
ERROR:root:#6
ERROR:root:#5
ERROR:root:#13
ERROR:root:#9
ERROR:root:#10
ERROR:root:#14
ERROR:root:#17
ERROR:root:#16
ERROR:root:#15
ERROR:root:1
ERROR:root:2
ERROR:root:20
ERROR:root:10
ERROR:root:7
ERROR:root:3
ERROR:root:12
ERROR:root:6
ERROR:root:13
ERROR:root:15
ERROR:root:5
ERROR:root:8
ERROR:root:9
ERROR:root:11
ERROR:root:14
ERROR:root:16
ERROR:root:18
ERROR:root:19
ERROR:root:48
ERROR:root:19
ERROR:root:24
ERROR:root:74
ERROR:root:40
ERROR:root:58
ERROR:root:1
ERROR:root:2
ERROR:root:10
ERROR:root:7
ERROR:root:3
ERROR:root:6
ERROR:root:13
ERROR:root:15
ERROR:root:5
ERROR:root:9
ERROR:root:14
ERROR:root:16
ERROR:root:17
ERROR:root:\
ERROR:root:\
ERROR:root:\
ERROR:root:\
ERROR:root:#1
ERROR:root:#4
ERROR:root:#2
ERROR:root:#3
ERROR:root:#6
ERROR:root:#5
ERROR:root:+
ERROR:root:<<<<<<>>>>
ERROR:root:<<<<<<>>>>
ERROR:root:<<<<<<>>>>
ERROR:root:<<<<<<>>>>
ERROR:root:???
ERROR:root:2)
ERROR:root:3)
ERROR:root:??
ERROR:root:??
ERROR:root:134.36.36.53
ERROR:root:34.36
ERROR:root:.
ERROR:root:.
ERROR:root:(),
ERROR:root:.
ERROR:root::
ERROR:root::
ERROR:root:.
ERROR:root:2016
ERROR:root:.........
ERROR:root:...
ERROR:root:2002
ERROR:root:17-
INFO:root:Got 80341 rows after non english arguments
WARNING:root:argument path is C:\Users\user\disk1\topic-ontologies/aifdb/aifdb-preprocessed-arguments.csv
INFO:root:Got 81259 rows
INFO:root:Got 81256 rows after deleting empty strings
ERROR:root:(($100 - $30) * 1.42 = $100)
ERROR:root:*9/11
ERROR:root::(
ERROR:root:71%
ERROR:root:71%
WARNING:root:argument path is C:\Users\user\disk1\topic-ontologies/aifdb/aifdb-preprocessed-arguments.csv
INFO:root:Got 81259 rows
INFO:root:Got 81256 rows after deleting empty strings
ERROR:root:(($100 - $30) * 1.42 = $100)
ERROR:root:*9/11
ERROR:root::(
ERROR:root:71%
ERROR:root:71%
ERROR:root:#1
ERROR:root:#4
ERROR:root:#2
ERROR:root:#3
ERROR:root:#7
ERROR:root:#6
ERROR:root:#5
ERROR:root:#13
ERROR:root:#9
ERROR:root:#10
ERROR:root:#14
ERROR:root:#17
ERROR:root:#16
ERROR:root:#15
ERROR:root:1
ERROR:root:2
ERROR:root:20
ERROR:root:10
ERROR:root:7
ERROR:root:3
ERROR:root:12
ERROR:root:6
ERROR:root:13
ERROR:root:15
ERROR:root:5
ERROR:root:8
ERROR:root:9
ERROR:root:11
ERROR:root:14
ERROR:root:16
ERROR:root:18
ERROR:root:19
ERROR:root:48
ERROR:root:19
ERROR:root:24
ERROR:root:74
ERROR:root:40
ERROR:root:58
ERROR:root:1
ERROR:root:2
ERROR:root:10
ERROR:root:7
ERROR:root:3
ERROR:root:6
ERROR:root:13
ERROR:root:15
ERROR:root:5
ERROR:root:9
ERROR:root:14
ERROR:root:16
ERROR:root:17
ERROR:root:\
ERROR:root:\
ERROR:root:\
ERROR:root:\
ERROR:root:#1
ERROR:root:#4
ERROR:root:#2
ERROR:root:#3
ERROR:root:#6
ERROR:root:#5
ERROR:root:+
ERROR:root:<<<<<<>>>>
ERROR:root:<<<<<<>>>>
ERROR:root:<<<<<<>>>>
ERROR:root:<<<<<<>>>>
ERROR:root:???
ERROR:root:2)
ERROR:root:3)
ERROR:root:??
ERROR:root:??
ERROR:root:134.36.36.53
ERROR:root:34.36
ERROR:root:.
ERROR:root:.
ERROR:root:(),
ERROR:root:.
ERROR:root::
ERROR:root::
ERROR:root:.
ERROR:root:2016
ERROR:root:.........
ERROR:root:...
ERROR:root:2002
ERROR:root:17-
INFO:root:Got 0 rows after non english arguments
WARNING:root:argument path is C:\Users\user\disk1\topic-ontologies/aifdb/aifdb-preprocessed-arguments.csv
INFO:root:Got 81259 rows
INFO:root:Got 81256 rows after deleting empty strings
ERROR:root:(($100 - $30) * 1.42 = $100)
ERROR:root:*9/11
ERROR:root::(
ERROR:root:71%
ERROR:root:71%
ERROR:root:#1
ERROR:root:#4
ERROR:root:#2
ERROR:root:#3
ERROR:root:#7
ERROR:root:#6
ERROR:root:#5
ERROR:root:#13
ERROR:root:#9
ERROR:root:#10
ERROR:root:#14
ERROR:root:#17
ERROR:root:#16
ERROR:root:#15
ERROR:root:1
ERROR:root:2
ERROR:root:20
ERROR:root:10
ERROR:root:7
ERROR:root:3
ERROR:root:12
ERROR:root:6
ERROR:root:13
ERROR:root:15
ERROR:root:5
ERROR:root:8
ERROR:root:9
ERROR:root:11
ERROR:root:14
ERROR:root:16
ERROR:root:18
ERROR:root:19
ERROR:root:48
ERROR:root:19
ERROR:root:24
ERROR:root:74
ERROR:root:40
ERROR:root:58
ERROR:root:1
ERROR:root:2
ERROR:root:10
ERROR:root:7
ERROR:root:3
ERROR:root:6
ERROR:root:13
ERROR:root:15
ERROR:root:5
ERROR:root:9
ERROR:root:14
ERROR:root:16
ERROR:root:17
ERROR:root:\
ERROR:root:\
ERROR:root:\
ERROR:root:\
ERROR:root:#1
ERROR:root:#4
ERROR:root:#2
ERROR:root:#3
ERROR:root:#6
ERROR:root:#5
ERROR:root:+
ERROR:root:<<<<<<>>>>
ERROR:root:<<<<<<>>>>
ERROR:root:<<<<<<>>>>
ERROR:root:<<<<<<>>>>
ERROR:root:???
ERROR:root:2)
ERROR:root:3)
ERROR:root:??
ERROR:root:??
ERROR:root:134.36.36.53
ERROR:root:34.36
ERROR:root:.
ERROR:root:.
ERROR:root:(),
ERROR:root:.
ERROR:root::
ERROR:root::
ERROR:root:.
ERROR:root:2016
ERROR:root:.........
ERROR:root:...
ERROR:root:2002
ERROR:root:17-
INFO:root:Got 0 rows after non english arguments
WARNING:root:argument path is C:\Users\user\disk1\topic-ontologies/aifdb/aifdb-preprocessed-arguments.csv
INFO:root:Got 81259 rows
INFO:root:Got 81256 rows after deleting empty strings
ERROR:root:(($100 - $30) * 1.42 = $100)
ERROR:root:*9/11
ERROR:root::(
ERROR:root:71%
ERROR:root:71%
ERROR:root:#1
ERROR:root:#4
ERROR:root:#2
ERROR:root:#3
ERROR:root:#7
ERROR:root:#6
ERROR:root:#5
ERROR:root:#13
ERROR:root:#9
ERROR:root:#10
ERROR:root:#14
ERROR:root:#17
ERROR:root:#16
ERROR:root:#15
ERROR:root:1
ERROR:root:2
ERROR:root:20
ERROR:root:10
ERROR:root:7
ERROR:root:3
ERROR:root:12
ERROR:root:6
ERROR:root:13
ERROR:root:15
ERROR:root:5
ERROR:root:8
ERROR:root:9
ERROR:root:11
ERROR:root:14
ERROR:root:16
ERROR:root:18
ERROR:root:19
ERROR:root:48
ERROR:root:19
ERROR:root:24
ERROR:root:74
ERROR:root:40
ERROR:root:58
ERROR:root:1
ERROR:root:2
ERROR:root:10
ERROR:root:7
ERROR:root:3
ERROR:root:6
ERROR:root:13
ERROR:root:15
ERROR:root:5
ERROR:root:9
ERROR:root:14
ERROR:root:16
ERROR:root:17
ERROR:root:\
ERROR:root:\
ERROR:root:\
ERROR:root:\
ERROR:root:#1
ERROR:root:#4
ERROR:root:#2
ERROR:root:#3
ERROR:root:#6
ERROR:root:#5
ERROR:root:+
ERROR:root:<<<<<<>>>>
ERROR:root:<<<<<<>>>>
ERROR:root:<<<<<<>>>>
ERROR:root:<<<<<<>>>>
ERROR:root:???
ERROR:root:2)
ERROR:root:3)
ERROR:root:??
ERROR:root:??
ERROR:root:134.36.36.53
ERROR:root:34.36
ERROR:root:.
ERROR:root:.
ERROR:root:(),
ERROR:root:.
ERROR:root::
ERROR:root::
ERROR:root:.
ERROR:root:2016
ERROR:root:.........
ERROR:root:...
ERROR:root:2002
ERROR:root:17-
INFO:root:Got 67394 rows after non english arguments
